<?xml version="1.0" encoding="UTF-8"?>
<testsuite xmlns:xsi="http://www.w3.org/2001/XMLSchema-instance" xsi:noNamespaceSchemaLocation="https://maven.apache.org/surefire/maven-surefire-plugin/xsd/surefire-test-report.xsd" name="com.quackings.AppTest" time="0.105" tests="1" errors="0" skipped="0" failures="0">
  <properties>
    <property name="sun.desktop" value="windows"/>
    <property name="awt.toolkit" value="sun.awt.windows.WToolkit"/>
    <property name="java.specification.version" value="11"/>
    <property name="sun.cpu.isalist" value="amd64"/>
    <property name="sun.jnu.encoding" value="Cp1252"/>
    <property name="java.class.path" value="d:\plugins\test\test\target\test-classes;d:\plugins\test\test\target\classes;C:\Users\windo\.m2\repository\junit\junit\4.11\junit-4.11.jar;C:\Users\windo\.m2\repository\org\hamcrest\hamcrest-core\1.3\hamcrest-core-1.3.jar;C:\Users\windo\.m2\repository\org\spigotmc\spigot-api\1.8.8-R0.1-SNAPSHOT\spigot-api-1.8.8-R0.1-SNAPSHOT.jar;C:\Users\windo\.m2\repository\commons-lang\commons-lang\2.6\commons-lang-2.6.jar;C:\Users\windo\.m2\repository\com\googlecode\json-simple\json-simple\1.1.1\json-simple-1.1.1.jar;C:\Users\windo\.m2\repository\com\google\guava\guava\17.0\guava-17.0.jar;C:\Users\windo\.m2\repository\com\google\code\gson\gson\2.2.4\gson-2.2.4.jar;C:\Users\windo\.m2\repository\org\avaje\ebean\2.8.1\ebean-2.8.1.jar;C:\Users\windo\.m2\repository\javax\persistence\persistence-api\1.0\persistence-api-1.0.jar;C:\Users\windo\.m2\repository\org\yaml\snakeyaml\1.15\snakeyaml-1.15.jar;C:\Users\windo\.m2\repository\net\md-5\bungeecord-chat\1.8-SNAPSHOT\bungeecord-chat-1.8-SNAPSHOT.jar;"/>
    <property name="java.vm.vendor" value="Oracle Corporation"/>
    <property name="sun.arch.data.model" value="64"/>
    <property name="user.variant" value=""/>
    <property name="java.vendor.url" value="https://openjdk.java.net/"/>
    <property name="user.timezone" value="America/New_York"/>
    <property name="java.vm.specification.version" value="11"/>
    <property name="os.name" value="Windows 10"/>
    <property name="sun.java.launcher" value="SUN_STANDARD"/>
    <property name="user.country" value="US"/>
    <property name="sun.boot.library.path" value="C:\Program Files\OpenJDK\openjdk-11.0.13_8\bin"/>
    <property name="sun.java.command" value="C:\Users\windo\AppData\Local\Temp\surefire15237527481068672833\surefirebooter15427334205295344154.jar C:\Users\windo\AppData\Local\Temp\surefire15237527481068672833 2022-01-26T20-01-02_897-jvmRun1 surefire5864288117163423614tmp surefire_02889480966980794577tmp"/>
    <property name="jdk.debug" value="release"/>
    <property name="surefire.test.class.path" value="d:\plugins\test\test\target\test-classes;d:\plugins\test\test\target\classes;C:\Users\windo\.m2\repository\junit\junit\4.11\junit-4.11.jar;C:\Users\windo\.m2\repository\org\hamcrest\hamcrest-core\1.3\hamcrest-core-1.3.jar;C:\Users\windo\.m2\repository\org\spigotmc\spigot-api\1.8.8-R0.1-SNAPSHOT\spigot-api-1.8.8-R0.1-SNAPSHOT.jar;C:\Users\windo\.m2\repository\commons-lang\commons-lang\2.6\commons-lang-2.6.jar;C:\Users\windo\.m2\repository\com\googlecode\json-simple\json-simple\1.1.1\json-simple-1.1.1.jar;C:\Users\windo\.m2\repository\com\google\guava\guava\17.0\guava-17.0.jar;C:\Users\windo\.m2\repository\com\google\code\gson\gson\2.2.4\gson-2.2.4.jar;C:\Users\windo\.m2\repository\org\avaje\ebean\2.8.1\ebean-2.8.1.jar;C:\Users\windo\.m2\repository\javax\persistence\persistence-api\1.0\persistence-api-1.0.jar;C:\Users\windo\.m2\repository\org\yaml\snakeyaml\1.15\snakeyaml-1.15.jar;C:\Users\windo\.m2\repository\net\md-5\bungeecord-chat\1.8-SNAPSHOT\bungeecord-chat-1.8-SNAPSHOT.jar;"/>
    <property name="sun.cpu.endian" value="little"/>
    <property name="user.home" value="C:\Users\windo"/>
    <property name="user.language" value="en"/>
    <property name="java.specification.vendor" value="Oracle Corporation"/>
    <property name="java.version.date" value="2021-10-19"/>
    <property name="java.home" value="C:\Program Files\OpenJDK\openjdk-11.0.13_8"/>
    <property name="file.separator" value="\"/>
    <property name="basedir" value="d:\plugins\test\test"/>
    <property name="java.vm.compressedOopsMode" value="32-bit"/>
    <property name="line.separator" value="&#10;"/>
    <property name="java.specification.name" value="Java Platform API Specification"/>
    <property name="java.vm.specification.vendor" value="Oracle Corporation"/>
    <property name="java.awt.graphicsenv" value="sun.awt.Win32GraphicsEnvironment"/>
    <property name="surefire.real.class.path" value="C:\Users\windo\AppData\Local\Temp\surefire15237527481068672833\surefirebooter15427334205295344154.jar"/>
    <property name="user.script" value=""/>
    <property name="sun.management.compiler" value="HotSpot 64-Bit Tiered Compilers"/>
    <property name="java.runtime.version" value="11.0.13+8"/>
    <property name="user.name" value="Kyle"/>
    <property name="path.separator" value=";"/>
    <property name="os.version" value="10.0"/>
    <property name="java.runtime.name" value="OpenJDK Runtime Environment"/>
    <property name="file.encoding" value="Cp1252"/>
    <property name="java.vm.name" value="OpenJDK 64-Bit Server VM"/>
    <property name="java.vendor.version" value="18.9"/>
    <property name="localRepository" value="C:\Users\windo\.m2\repository"/>
    <property name="java.vendor.url.bug" value="https://bugreport.java.com/bugreport/"/>
    <property name="java.io.tmpdir" value="C:\Users\windo\AppData\Local\Temp\"/>
    <property name="java.version" value="11.0.13"/>
    <property name="user.dir" value="d:\plugins\test\test"/>
    <property name="os.arch" value="amd64"/>
    <property name="java.vm.specification.name" value="Java Virtual Machine Specification"/>
    <property name="java.awt.printerjob" value="sun.awt.windows.WPrinterJob"/>
    <property name="sun.os.patch.level" value=""/>
    <property name="java.library.path" value="C:\Program Files\OpenJDK\openjdk-11.0.13_8\bin;C:\windows\Sun\Java\bin;C:\windows\system32;C:\windows;C:\Program Files\National Instruments\Shared\OpenVINO\;C:\Program Files (x86)\Common Files\Oracle\Java\javapath;C:\windows\system32;C:\windows;C:\windows\System32\Wbem;C:\windows\System32\WindowsPowerShell\v1.0\;C:\windows\System32\OpenSSH\;C:\Users\windo\Desktop\adb\platform-tools\;C:\Program Files\OpenJDK\openjdk-11.0.13_8\bin;C:\Program Files\Git\cmd;D:\Program Files\Python\Scripts\;D:\Program Files\Python\;C:\Users\windo\AppData\Local\Microsoft\WindowsApps;C:\Users\windo\AppData\Local\atom\bin;C:\Users\windo\AppData\Local\Programs\Microsoft VS Code\bin;D:\Program Files\chocolatey\bin;;."/>
    <property name="java.vm.info" value="mixed mode"/>
    <property name="java.vendor" value="Oracle Corporation"/>
    <property name="java.vm.version" value="11.0.13+8"/>
    <property name="sun.io.unicode.encoding" value="UnicodeLittle"/>
    <property name="java.class.version" value="55.0"/>
  </properties>
  <testcase name="shouldAnswerWithTrue" classname="com.quackings.AppTest" time="0.003"/>
</testsuite>